TN:
SF:script/Staking.s.sol
FN:6,StakingScript.setUp
FNDA:0,StakingScript.setUp
FN:7,StakingScript.run
FNDA:0,StakingScript.run
DA:9,0
DA:9,0
FNF:2
FNH:0
LF:1
LH:0
BRF:0
BRH:0
end_of_record
TN:
SF:src/Claiming.sol
FN:48,Claiming.whenClaimStarted
FNDA:7,Claiming.whenClaimStarted
DA:51,7
DA:51,7
BRDA:51,0,0,1
BRDA:51,0,1,6
FN:54,Claiming.onlyOwnerOrLiquidityMiningContract
FNDA:78,Claiming.onlyOwnerOrLiquidityMiningContract
DA:58,78
DA:58,78
BRDA:58,1,0,2
BRDA:58,1,1,76
DA:63,2
DA:63,2
FN:66,Claiming.
FNDA:2,Claiming.
DA:71,1
DA:71,1
BRDA:71,2,0,-
BRDA:71,2,1,1
DA:73,1
DA:73,1
DA:77,1
DA:77,1
FN:89,Claiming.setToken
FNDA:2,Claiming.setToken
DA:93,2
DA:93,2
BRDA:93,3,0,1
BRDA:93,3,1,1
DA:94,1
DA:94,1
FN:101,Claiming.setStakingContract
FNDA:6,Claiming.setStakingContract
DA:105,6
DA:105,6
BRDA:105,4,0,1
BRDA:105,4,1,5
DA:106,5
DA:106,5
FN:113,Claiming.setLiquidityMiningContract
FNDA:12,Claiming.setLiquidityMiningContract
DA:117,12
DA:117,12
BRDA:117,5,0,-
BRDA:117,5,1,12
DA:119,12
DA:119,12
FN:124,Claiming.setClaimStart
FNDA:297,Claiming.setClaimStart
DA:127,297
DA:127,297
BRDA:127,6,0,1
BRDA:127,6,1,296
DA:129,296
DA:129,296
DA:130,296
DA:130,296
FN:139,Claiming.setClaim
FNDA:78,Claiming.setClaim
DA:145,76
DA:145,76
BRDA:145,7,0,1
BRDA:145,7,1,75
DA:146,75
DA:146,75
DA:146,75
DA:148,75
DA:148,75
BRDA:148,8,0,-
BRDA:148,8,1,17
DA:150,17
DA:150,17
DA:152,17
DA:152,17
DA:154,17
DA:154,17
DA:156,58
DA:156,58
DA:156,58
DA:157,58
DA:157,58
DA:161,75
DA:161,75
FN:172,Claiming.setClaimBatch
FNDA:4,Claiming.setClaimBatch
DA:175,4
DA:175,4
BRDA:175,9,0,1
BRDA:175,9,1,3
DA:177,3
DA:177,3
BRDA:177,10,0,1
BRDA:177,10,1,2
DA:178,2
DA:178,2
BRDA:178,11,0,1
BRDA:178,11,1,1
DA:180,1
DA:180,1
DA:180,4
DA:180,3
DA:181,3
DA:181,3
BRDA:181,12,0,-
BRDA:181,12,1,3
DA:183,3
DA:183,3
DA:184,3
DA:184,3
DA:185,3
DA:185,3
DA:186,3
DA:186,3
BRDA:186,13,0,-
BRDA:186,13,1,1
DA:187,1
DA:187,1
DA:191,1
DA:191,1
DA:192,1
DA:192,1
DA:194,2
DA:194,2
DA:195,2
DA:195,2
DA:196,2
DA:196,2
DA:200,3
DA:200,3
DA:201,3
DA:201,3
FN:217,Claiming.deposit
FNDA:20,Claiming.deposit
DA:220,20
DA:220,20
BRDA:220,14,0,1
BRDA:220,14,1,19
DA:222,19
DA:222,19
DA:226,19
DA:226,19
FN:232,Claiming.withdraw
FNDA:2,Claiming.withdraw
DA:236,2
DA:236,2
BRDA:236,15,0,1
BRDA:236,15,1,1
DA:238,1
DA:238,1
DA:240,1
DA:240,1
FN:252,Claiming.claim
FNDA:7,Claiming.claim
DA:255,6
DA:255,6
BRDA:255,16,0,1
BRDA:255,16,1,5
DA:256,5
DA:256,5
BRDA:256,17,0,1
BRDA:256,17,1,4
DA:259,4
DA:259,4
DA:260,4
DA:260,4
DA:261,4
DA:261,4
BRDA:261,18,0,1
BRDA:261,18,1,3
DA:262,3
DA:262,3
DA:263,3
DA:263,3
DA:264,3
DA:264,3
FN:276,Claiming.stake
FNDA:523,Claiming.stake
DA:278,523
DA:278,523
BRDA:278,19,0,1
BRDA:278,19,1,522
DA:281,522
DA:281,522
BRDA:281,20,0,1
BRDA:281,20,1,521
DA:283,521
DA:283,521
DA:284,521
DA:284,521
DA:285,521
DA:285,521
BRDA:285,21,0,1
BRDA:285,21,1,520
DA:287,520
DA:287,520
DA:287,520
DA:288,520
DA:288,520
DA:290,257
DA:290,257
FN:298,Claiming.transferTokenToLiquidityMining
FNDA:3,Claiming.transferTokenToLiquidityMining
DA:302,3
DA:302,3
BRDA:302,22,0,-
BRDA:302,22,1,3
DA:304,3
DA:304,3
BRDA:304,23,0,-
BRDA:304,23,1,3
DA:308,3
DA:308,3
FN:312,Claiming.getTotalDeposits
FNDA:2,Claiming.getTotalDeposits
DA:315,2
DA:315,2
DA:317,2
DA:317,2
FN:322,Claiming.getClaimableAmount
FNDA:283,Claiming.getClaimableAmount
DA:324,283
DA:324,283
DA:325,283
DA:325,283
FN:331,Claiming.getClaimInfoLength
FNDA:1,Claiming.getClaimInfoLength
DA:333,1
DA:333,1
DA:333,1
FN:339,Claiming.getClaimInfoIndex
FNDA:4,Claiming.getClaimInfoIndex
DA:343,4
DA:343,4
FN:350,Claiming.getClaimInfo
FNDA:263,Claiming.getClaimInfo
DA:352,263
DA:352,263
BRDA:352,24,0,1
BRDA:352,24,1,262
DA:357,262
DA:357,262
BRDA:357,25,0,262
BRDA:357,25,1,-
DA:359,0
DA:359,0
FN:365,Claiming.getClaimInfoArray
FNDA:4,Claiming.getClaimInfoArray
DA:371,4
DA:371,4
DA:371,4
BRDA:371,26,0,1
BRDA:371,26,1,3
DA:375,3
DA:375,3
BRDA:375,27,0,1
BRDA:375,27,1,2
DA:375,2
BRDA:375,28,0,1
BRDA:375,28,1,1
DA:379,1
DA:379,1
DA:379,1
DA:379,1
DA:380,3
DA:380,3
DA:381,2
DA:381,2
DA:382,2
DA:382,2
DA:382,1
FNF:20
FNH:20
LF:81
LH:80
BRF:58
BRH:50
end_of_record
TN:
SF:src/LiquidityMining.sol
FN:73,LiquidityMining.onlyWhenNotListed
FNDA:5,LiquidityMining.onlyWhenNotListed
DA:73,5
DA:73,5
BRDA:73,0,0,1
BRDA:73,0,1,22
FN:76,LiquidityMining.
FNDA:0,LiquidityMining.
DA:80,0
DA:80,0
BRDA:80,1,0,-
BRDA:80,1,1,-
DA:82,0
DA:82,0
DA:82,0
DA:86,0
DA:86,0
DA:89,0
DA:89,0
DA:90,0
DA:90,0
DA:92,0
DA:92,0
FN:103,LiquidityMining.setToken
FNDA:2,LiquidityMining.setToken
DA:106,2
DA:106,2
BRDA:106,2,0,1
BRDA:106,2,1,1
DA:108,1
DA:108,1
FN:114,LiquidityMining.setWETH
FNDA:2,LiquidityMining.setWETH
DA:117,2
DA:117,2
BRDA:117,3,0,1
BRDA:117,3,1,1
DA:119,1
DA:119,1
FN:126,LiquidityMining.setDepositStart
FNDA:536,LiquidityMining.setDepositStart
DA:129,536
DA:129,536
BRDA:129,4,0,262
BRDA:129,4,1,274
DA:131,274
DA:131,274
DA:133,274
DA:133,274
FN:143,LiquidityMining.setClaimingContract
FNDA:13,LiquidityMining.setClaimingContract
DA:145,13
DA:145,13
BRDA:145,5,0,1
BRDA:145,5,1,12
DA:147,12
DA:147,12
FN:155,LiquidityMining.setAllowedMinimumDeposit
FNDA:263,LiquidityMining.setAllowedMinimumDeposit
DA:157,263
DA:157,263
DA:159,263
DA:159,263
DA:161,263
DA:161,263
FN:165,LiquidityMining.setPair
FNDA:263,LiquidityMining.setPair
DA:169,263
DA:169,263
BRDA:169,6,0,1
BRDA:169,6,1,262
DA:172,262
DA:172,262
FN:180,LiquidityMining.depositETH
FNDA:23,LiquidityMining.depositETH
DA:182,22
DA:182,22
BRDA:182,7,0,1
BRDA:182,7,1,21
DA:186,21
DA:186,21
BRDA:186,8,0,2
BRDA:186,8,1,19
DA:188,19
DA:188,19
BRDA:188,9,0,1
BRDA:188,9,1,-
DA:189,1
DA:189,1
BRDA:189,10,0,1
BRDA:189,10,1,-
DA:190,18
DA:190,18
DA:193,18
DA:193,18
DA:198,18
DA:198,18
BRDA:198,11,0,1
BRDA:198,11,1,17
DA:202,17
DA:202,17
DA:203,16
DA:203,16
DA:206,16
DA:206,16
DA:209,16
DA:209,16
DA:210,16
DA:210,16
FN:217,LiquidityMining.addLiquidity
FNDA:5,LiquidityMining.addLiquidity
DA:220,4
DA:220,4
BRDA:220,12,0,-
BRDA:220,12,1,4
DA:230,4
DA:230,4
BRDA:230,13,0,1
BRDA:230,13,1,3
DA:231,3
DA:231,3
DA:231,3
DA:231,3
DA:233,3
DA:233,3
DA:233,3
DA:234,3
DA:234,3
DA:234,3
BRDA:234,14,0,-
BRDA:234,14,1,3
DA:234,3
DA:239,0
DA:239,0
DA:243,3
DA:243,3
DA:245,3
DA:245,3
DA:248,3
DA:248,3
FN:266,LiquidityMining.removeLiquidity
FNDA:5,LiquidityMining.removeLiquidity
DA:271,5
DA:271,5
BRDA:271,15,0,2
BRDA:271,15,1,3
DA:277,3
DA:277,3
BRDA:277,16,0,1
BRDA:277,16,1,2
DA:278,2
DA:278,2
DA:279,2
DA:279,2
BRDA:279,17,0,1
BRDA:279,17,1,1
DA:281,1
DA:281,1
DA:283,1
DA:283,1
BRDA:283,18,0,-
BRDA:283,18,1,1
DA:284,1
DA:284,1
DA:284,1
DA:284,1
DA:286,1
DA:286,1
DA:290,1
DA:290,1
DA:290,1
DA:296,1
DA:296,1
FN:317,LiquidityMining.getRewardTokenAmount
FNDA:0,LiquidityMining.getRewardTokenAmount
DA:322,0
DA:322,0
BRDA:322,19,0,-
BRDA:322,19,1,-
DA:323,0
DA:323,0
BRDA:323,20,0,-
BRDA:323,20,1,-
DA:325,0
DA:325,0
DA:327,0
DA:327,0
DA:327,0
DA:328,0
DA:328,0
DA:329,0
DA:329,0
BRDA:329,21,0,-
BRDA:329,21,1,-
DA:329,0
DA:330,0
DA:330,0
BRDA:330,22,0,-
BRDA:330,22,1,-
DA:332,0
DA:332,0
DA:334,0
DA:334,0
BRDA:334,23,0,-
BRDA:334,23,1,-
DA:336,0
DA:336,0
DA:337,0
DA:337,0
BRDA:337,24,0,-
BRDA:337,24,1,-
DA:338,0
DA:338,0
DA:339,0
DA:339,0
FN:344,LiquidityMining.getUserDepositInfo
FNDA:5,LiquidityMining.getUserDepositInfo
DA:351,5
DA:351,5
DA:353,5
DA:353,5
FN:359,LiquidityMining.getUserTotalDeposit
FNDA:4,LiquidityMining.getUserTotalDeposit
DA:363,4
DA:363,4
FN:368,LiquidityMining.fetchETHUSDPrice
FNDA:6,LiquidityMining.fetchETHUSDPrice
DA:373,24
DA:373,24
DA:374,24
DA:374,24
DA:376,24
DA:376,24
DA:376,24
DA:377,24
DA:377,24
FN:380,LiquidityMining._checkClaimableAmountForDepositETH
FNDA:18,LiquidityMining._checkClaimableAmountForDepositETH
DA:385,18
DA:385,18
BRDA:385,25,0,-
BRDA:385,25,1,18
DA:390,18
DA:390,18
DA:391,18
DA:391,18
DA:398,18
DA:398,18
DA:399,18
DA:399,18
DA:402,18
DA:402,18
FNF:16
FNH:14
LF:78
LH:58
BRF:52
BRH:32
end_of_record
TN:
SF:src/Staking.sol
FN:35,Staking.onlyWhenStakingEnabled
FNDA:3,Staking.onlyWhenStakingEnabled
DA:38,3
DA:38,3
BRDA:38,0,0,1
BRDA:38,0,1,1309
FN:60,Staking.
FNDA:0,Staking.
DA:62,0
DA:62,0
FN:71,Staking.stake
FNDA:1310,Staking.stake
DA:73,1309
DA:73,1309
BRDA:73,1,0,1
BRDA:73,1,1,1308
DA:75,1308
DA:75,1308
BRDA:75,2,0,262
BRDA:75,2,1,1046
DA:82,1046
DA:82,1046
DA:85,1046
DA:85,1046
DA:86,1046
DA:86,1046
DA:86,1046
DA:88,1046
DA:88,1046
DA:88,1046
DA:93,1046
DA:93,1046
DA:97,1046
DA:97,1046
FN:98,Staking.stakeFromClaiming
FNDA:520,Staking.stakeFromClaiming
DA:104,520
DA:104,520
BRDA:104,3,0,1
BRDA:104,3,1,519
DA:106,519
DA:106,519
BRDA:106,4,0,262
BRDA:106,4,1,257
DA:113,257
DA:113,257
DA:117,257
DA:117,257
DA:117,257
DA:118,257
DA:118,257
DA:118,257
DA:120,257
DA:120,257
DA:124,257
DA:124,257
DA:126,257
DA:126,257
FN:139,Staking.withdraw
FNDA:517,Staking.withdraw
DA:141,517
DA:141,517
BRDA:141,5,0,1
BRDA:141,5,1,516
DA:143,516
DA:143,516
DA:144,516
DA:144,516
DA:145,515
DA:145,515
FN:155,Staking.withdrawAll
FNDA:3,Staking.withdrawAll
DA:157,3
DA:157,3
DA:157,3
DA:157,3
BRDA:157,6,0,1
BRDA:157,6,1,2
DA:159,2
DA:159,2
FN:167,Staking.withdrawBatch
FNDA:5,Staking.withdrawBatch
DA:169,5
DA:169,5
DA:169,5
DA:171,5
DA:171,5
BRDA:171,7,0,1
BRDA:171,7,1,4
DA:171,4
BRDA:171,8,0,1
BRDA:171,8,1,3
DA:172,3
DA:172,3
BRDA:172,9,0,1
BRDA:172,9,1,2
DA:173,2
DA:173,2
FN:174,Staking._withdrawBatch
FNDA:4,Staking._withdrawBatch
DA:177,4
DA:177,4
DA:177,12
DA:180,8
DA:180,8
DA:180,4
BRDA:180,10,0,2
BRDA:180,10,1,6
DA:180,2
DA:181,2
DA:181,2
DA:182,6
DA:182,6
BRDA:181,11,0,6
BRDA:181,11,1,6
DA:182,6
DA:186,6
DA:186,6
FN:187,Staking._withdraw
FNDA:522,Staking._withdraw
DA:190,522
DA:190,522
DA:194,522
DA:194,522
BRDA:194,12,0,1
BRDA:194,12,1,521
DA:200,521
DA:200,521
BRDA:200,13,0,260
BRDA:200,13,1,521
DA:200,260
DA:201,521
DA:201,521
DA:203,521
DA:203,521
DA:204,521
DA:204,521
DA:208,521
DA:208,521
DA:209,521
DA:209,521
FN:218,Staking.claimRewards
FNDA:261,Staking.claimRewards
DA:223,261
DA:223,261
BRDA:223,14,0,1
BRDA:223,14,1,260
DA:227,260
DA:227,260
BRDA:227,15,0,1
BRDA:227,15,1,259
DA:229,259
DA:229,259
DA:230,259
DA:230,259
BRDA:230,16,0,1
BRDA:230,16,1,258
DA:231,258
DA:231,258
DA:232,258
DA:232,258
DA:232,258
DA:234,258
DA:234,258
FN:246,Staking.calculateRewards
FNDA:1303,Staking.calculateRewards
DA:248,1303
DA:248,1303
BRDA:248,17,0,708
BRDA:248,17,1,595
DA:249,708
DA:249,708
DA:249,708
DA:249,708
DA:251,595
DA:251,595
BRDA:251,18,0,250
BRDA:251,18,1,345
DA:253,250
DA:253,250
DA:253,250
DA:253,250
DA:253,345
BRDA:253,19,0,159
BRDA:253,19,1,186
DA:254,159
DA:254,159
DA:254,159
DA:254,159
DA:255,186
DA:255,186
DA:255,186
DA:255,186
FN:261,Staking.isStaked
FNDA:9,Staking.isStaked
DA:266,273
DA:266,273
BRDA:266,20,0,1
BRDA:266,20,1,272
DA:269,272
DA:269,272
DA:269,272
FN:277,Staking.recoverERC20
FNDA:2,Staking.recoverERC20
DA:281,2
DA:281,2
BRDA:281,21,0,1
BRDA:281,21,1,1
DA:284,1
DA:284,1
DA:286,1
DA:286,1
FN:298,Staking.numStakes
FNDA:514,Staking.numStakes
DA:299,522
DA:299,522
FN:308,Staking.getStakeInfo
FNDA:2081,Staking.getStakeInfo
DA:314,2081
DA:314,2081
BRDA:314,22,0,1
BRDA:314,22,1,2080
DA:316,2080
DA:316,2080
DA:318,2080
DA:318,2080
FN:326,Staking.getStakeInfoArray
FNDA:0,Staking.getStakeInfoArray
DA:329,0
DA:329,0
DA:332,0
DA:332,0
DA:333,0
DA:333,0
DA:334,0
DA:334,0
DA:335,0
DA:335,0
DA:335,0
DA:335,0
DA:339,0
DA:339,0
DA:339,0
FN:354,Staking.setToken
FNDA:2,Staking.setToken
DA:355,2
DA:355,2
BRDA:355,23,0,1
BRDA:355,23,1,1
DA:358,1
DA:358,1
FN:365,Staking.setClaimingContract
FNDA:3,Staking.setClaimingContract
DA:368,3
DA:368,3
BRDA:368,24,0,-
BRDA:368,24,1,3
DA:372,3
DA:372,3
FN:379,Staking.setStakingEnabled
FNDA:27,Staking.setStakingEnabled
DA:380,27
DA:380,27
BRDA:380,25,0,1
BRDA:380,25,1,26
DA:381,26
DA:381,26
FNF:19
FNH:17
LF:75
LH:68
BRF:52
BRH:51
end_of_record
TN:
SF:test/ClaimAndStaking.t.sol
FN:25,BaseTest.setUp
FNDA:61,BaseTest.setUp
DA:27,61
DA:27,61
DA:28,61
DA:28,61
DA:30,61
DA:30,61
DA:31,61
DA:31,61
DA:33,61
DA:33,61
DA:34,61
DA:34,61
DA:35,61
DA:35,61
DA:36,61
DA:36,61
FNF:1
FNH:1
LF:8
LH:8
BRF:0
BRH:0
end_of_record
TN:
SF:test/LiquidityMining.t.sol
FN:24,BaseTest.setUp
FNDA:23,BaseTest.setUp
DA:26,23
DA:26,23
DA:27,23
DA:27,23
DA:29,23
DA:29,23
FNF:1
FNH:1
LF:3
LH:3
BRF:0
BRH:0
end_of_record
