TN:
SF:script/Staking.s.sol
FN:7,StakingScript.setUp
FNDA:0,StakingScript.setUp
FN:9,StakingScript.run
FNDA:0,StakingScript.run
DA:10,0
DA:10,0
FNF:2
FNH:0
LF:1
LH:0
BRF:0
BRH:0
end_of_record
TN:
SF:src/Staking.sol
FN:37,Staking.onlyWhenStakingEnabled
FNDA:1572,Staking.onlyWhenStakingEnabled
DA:39,1572
DA:39,1572
BRDA:39,0,0,1
BRDA:39,0,1,1571
FN:61,Staking.
FNDA:0,Staking.
DA:62,0
DA:62,0
DA:63,0
DA:63,0
FN:73,Staking.stake
FNDA:1572,Staking.stake
DA:75,1571
DA:75,1571
BRDA:75,1,0,1
BRDA:75,1,1,1570
DA:77,1570
DA:77,1570
BRDA:77,2,0,260
BRDA:77,2,1,1310
DA:78,1310
DA:78,1310
BRDA:78,3,0,260
BRDA:78,3,1,1050
DA:81,1050
DA:81,1050
DA:83,1050
DA:83,1050
DA:83,1050
DA:84,1050
DA:84,1050
DA:84,1050
DA:85,1050
DA:85,1050
DA:93,1050
DA:93,1050
DA:96,1050
DA:96,1050
FN:106,Staking.withdraw
FNDA:519,Staking.withdraw
DA:108,519
DA:108,519
BRDA:108,4,0,1
BRDA:108,4,1,518
DA:110,518
DA:110,518
DA:110,518
DA:113,517
DA:113,517
FN:122,Staking.withdrawAll
FNDA:3,Staking.withdrawAll
DA:123,3
DA:123,3
DA:123,3
DA:124,3
DA:124,3
BRDA:124,5,0,1
BRDA:124,5,1,2
DA:126,2
DA:126,2
FN:134,Staking.withdrawBatch
FNDA:5,Staking.withdrawBatch
DA:135,5
DA:135,5
DA:135,5
DA:136,5
DA:136,5
BRDA:136,6,0,1
BRDA:136,6,1,4
DA:137,4
DA:137,4
BRDA:137,7,0,1
BRDA:137,7,1,3
DA:138,3
DA:138,3
BRDA:138,8,0,1
BRDA:138,8,1,2
DA:140,2
DA:140,2
FN:143,Staking._withdrawBatch
FNDA:4,Staking._withdrawBatch
DA:144,4
DA:144,4
DA:144,12
DA:145,8
DA:145,8
DA:145,4
BRDA:145,9,0,2
BRDA:145,9,1,6
DA:147,2
DA:147,2
DA:149,2
DA:149,2
DA:152,6
DA:152,6
BRDA:152,10,0,6
BRDA:152,10,1,6
DA:153,6
DA:153,6
DA:157,6
DA:157,6
FN:162,Staking._withdraw
FNDA:524,Staking._withdraw
DA:163,524
DA:163,524
DA:164,524
DA:164,524
BRDA:164,11,0,1
BRDA:164,11,1,523
DA:167,523
DA:167,523
BRDA:167,12,0,261
BRDA:167,12,1,523
DA:168,261
DA:168,261
DA:171,523
DA:171,523
DA:172,523
DA:172,523
DA:175,523
DA:175,523
DA:178,523
DA:178,523
DA:180,523
DA:180,523
FN:190,Staking.claimRewards
FNDA:262,Staking.claimRewards
DA:192,262
DA:192,262
BRDA:192,13,0,1
BRDA:192,13,1,261
DA:194,261
DA:194,261
BRDA:194,14,0,1
BRDA:194,14,1,260
DA:195,260
DA:195,260
DA:197,260
DA:197,260
BRDA:197,15,0,1
BRDA:197,15,1,259
DA:199,259
DA:199,259
DA:200,259
DA:200,259
DA:202,259
DA:202,259
DA:205,259
DA:205,259
FN:216,Staking.calculateRewards
FNDA:1050,Staking.calculateRewards
DA:217,1050
DA:217,1050
BRDA:217,16,0,382
BRDA:217,16,1,668
DA:218,382
DA:218,382
DA:218,382
DA:218,382
DA:219,668
DA:219,668
BRDA:219,17,0,122
BRDA:219,17,1,546
DA:220,122
DA:220,122
DA:220,122
DA:220,122
DA:221,546
DA:221,546
BRDA:221,18,0,94
BRDA:221,18,1,452
DA:222,94
DA:222,94
DA:222,94
DA:222,94
DA:224,452
DA:224,452
DA:224,452
DA:224,452
FN:236,Staking.isStaked
FNDA:9,Staking.isStaked
DA:238,274
DA:238,274
BRDA:238,19,0,1
BRDA:238,19,1,273
DA:240,273
DA:240,273
DA:240,273
FN:249,Staking.recoverERC20
FNDA:2,Staking.recoverERC20
DA:251,2
DA:251,2
BRDA:251,20,0,1
BRDA:251,20,1,1
DA:254,1
DA:254,1
DA:257,1
DA:257,1
FN:270,Staking.numStakes
FNDA:258,Staking.numStakes
DA:271,266
DA:271,266
FN:281,Staking.getStakingInfo
FNDA:1831,Staking.getStakingInfo
DA:283,1831
DA:283,1831
BRDA:283,21,0,1
BRDA:283,21,1,1830
DA:285,1830
DA:285,1830
DA:286,1830
DA:286,1830
FN:305,Staking.setToken
FNDA:2,Staking.setToken
DA:306,2
DA:306,2
BRDA:306,22,0,1
BRDA:306,22,1,1
DA:308,1
DA:308,1
FN:318,Staking.setRewardToken
FNDA:2,Staking.setRewardToken
DA:319,2
DA:319,2
BRDA:319,23,0,1
BRDA:319,23,1,1
DA:321,1
DA:321,1
FN:330,Staking.setStakingEnabled
FNDA:29,Staking.setStakingEnabled
DA:331,29
DA:331,29
BRDA:331,24,0,1
BRDA:331,24,1,28
DA:333,28
DA:333,28
FNF:17
FNH:16
LF:69
LH:67
BRF:50
BRH:50
end_of_record
TN:
SF:test/Staking.t.sol
FN:26,StakingBaseTest.setUp
FNDA:29,StakingBaseTest.setUp
DA:27,29
DA:27,29
DA:28,29
DA:28,29
DA:30,29
DA:30,29
DA:32,29
DA:32,29
DA:33,29
DA:33,29
DA:34,29
DA:34,29
DA:35,29
DA:35,29
DA:36,29
DA:36,29
FNF:1
FNH:1
LF:8
LH:8
BRF:0
BRH:0
end_of_record
